[debug] > Exec(early(addDefaultCommands), None, None)
[debug] > Exec(addDefaultCommands, None, None)
[debug] > Exec(early(initialize), None, None)
[debug] > Exec(initialize, None, None)
[debug] > Exec(boot, None, None)
[debug] > Exec(writeSbtVersion, None, None)
[debug] > Exec(reload, None, None)
[debug] > Exec(sbtStashOnFailure, None, None)
[debug] > Exec(onFailure loadFailed, None, None)
[debug] > Exec(loadp, None, None)
[info] welcome to sbt 1.10.6 (Oracle Corporation Java 23.0.1)
[debug] Load.defaultLoad until apply took 77.934796ms
[debug]           Load.loadUnit: plugins took 28.72024ms
[debug]           Load.loadUnit: defsScala took 0.154567ms
[debug] [Loading] Scanning directory /home/anax/IdeaProjects/GraphTool/project
[debug]             Load.loadUnit: mkEval took 5.211533ms
[debug] [Loading] Found non-root projects 
[debug] [Loading] Done in /home/anax/IdeaProjects/GraphTool/project, returning: ()
[debug] deducing auto plugins based on known facts Set(Atom(sbt.plugins.CorePlugin)) and clauses Clauses(Clause(Atom(sbt.plugins.JvmPlugin),Set(Atom(sbt.plugins.IvyPlugin)))
[debug] Clause(Atom(sbt.ScriptedPlugin),Set(Atom(sbt.plugins.JvmPlugin)))
[debug] Clause(Atom(sbt.plugins.SbtPlugin),Set(Atom(sbt.ScriptedPlugin)))
[debug] Clause(Atom(sbt.plugins.SemanticdbPlugin),Set(Atom(sbt.plugins.JvmPlugin)))
[debug] Clause(Atom(sbt.plugins.JUnitXmlReportPlugin),Set(Atom(sbt.plugins.JvmPlugin)))
[debug] Clause(Atom(sbt.plugins.MiniDependencyTreePlugin),Set(Atom(sbt.plugins.JvmPlugin)))
[debug] Clause(Atom(sbt.plugins.CorePlugin),Set(Atom(sbt.plugins.IvyPlugin)))
[debug] Clause(Atom(sbt.plugins.IvyPlugin),Set(Atom(sbt.plugins.JvmPlugin)))
[debug] Clause(Atom(sbt.plugins.JvmPlugin),Set(Atom(sbt.plugins.SemanticdbPlugin)))
[debug] Clause(Atom(sbt.plugins.JvmPlugin),Set(Atom(sbt.plugins.JUnitXmlReportPlugin)))
[debug] Clause(Atom(sbt.plugins.CorePlugin),Set(Atom(sbt.plugins.Giter8TemplatePlugin)))
[debug] Clause(Atom(sbt.plugins.JvmPlugin),Set(Atom(sbt.plugins.MiniDependencyTreePlugin))))
[debug]   :: deduced result: Matched(sbt.plugins.CorePlugin,sbt.plugins.Giter8TemplatePlugin,sbt.plugins.IvyPlugin,sbt.plugins.JvmPlugin,sbt.plugins.MiniDependencyTreePlugin,sbt.plugins.JUnitXmlReportPlugin,sbt.plugins.SemanticdbPlugin)
[debug] Plugins.deducer#function took 6.723294 ms
[info] loading settings for project graphtool-build from plugins.sbt...
[debug]               Load.resolveProject(graphtool-build) took 20.277795ms
[debug]             Load.loadTransitive: finalizeProject(Project(id graphtool-build, base: /home/anax/IdeaProjects/GraphTool/project, plugins: List(<none>))) took 30.955899ms
[debug] [Loading] Done in /home/anax/IdeaProjects/GraphTool/project, returning: (graphtool-build)
[debug]           Load.loadUnit: loadedProjectsRaw took 1419.667643ms
[debug]           Load.loadUnit: cleanEvalClasses took 4.084296ms
[debug]         Load.loadUnit(file:/home/anax/IdeaProjects/GraphTool/project/, ...) took 1455.553412ms
[debug]       Load.apply: load took 1551.947527ms
[debug]       Load.apply: resolveProjects took 2.394041ms
[debug]       Load.apply: finalTransforms took 31.220207ms
[debug]       Load.apply: config.delegates took 5.494196ms
